c:\users\hyu\desktop\ecm\ecm\source\lib\decoderanalyserlib\decoderanalyserlib.dir\release\declib.obj
c:\users\hyu\desktop\ecm\ecm\source\lib\decoderanalyserlib\decoderanalyserlib.dir\release\deccu.obj
c:\users\hyu\desktop\ecm\ecm\source\lib\decoderanalyserlib\decoderanalyserlib.dir\release\decslice.obj
c:\users\hyu\desktop\ecm\ecm\source\lib\decoderanalyserlib\decoderanalyserlib.dir\release\bindecoder.obj
c:\users\hyu\desktop\ecm\ecm\source\lib\decoderanalyserlib\decoderanalyserlib.dir\release\cabacreader.obj
c:\users\hyu\desktop\ecm\ecm\source\lib\decoderanalyserlib\decoderanalyserlib.dir\release\seiread.obj
c:\users\hyu\desktop\ecm\ecm\source\lib\decoderanalyserlib\decoderanalyserlib.dir\release\nalread.obj
c:\users\hyu\desktop\ecm\ecm\source\lib\decoderanalyserlib\decoderanalyserlib.dir\release\annexbread.obj
c:\users\hyu\desktop\ecm\ecm\source\lib\decoderanalyserlib\decoderanalyserlib.dir\release\vlcreader.obj
c:\users\hyu\desktop\ecm\ecm\source\lib\decoderanalyserlib\cmakefiles\generate.stamp
c:\users\hyu\desktop\ecm\ecm\lib\vs17\msvc-19.44\x86_64\release\decoderanalyserlib.lib
c:\users\hyu\desktop\ecm\ecm\source\lib\decoderanalyserlib\decoderanalyserlib.dir\release\decodera.9201a3ae.tlog\cl.10012.write.1.tlog
c:\users\hyu\desktop\ecm\ecm\source\lib\decoderanalyserlib\decoderanalyserlib.dir\release\decodera.9201a3ae.tlog\cl.command.1.tlog
c:\users\hyu\desktop\ecm\ecm\source\lib\decoderanalyserlib\decoderanalyserlib.dir\release\decodera.9201a3ae.tlog\cl.items.tlog
c:\users\hyu\desktop\ecm\ecm\source\lib\decoderanalyserlib\decoderanalyserlib.dir\release\decodera.9201a3ae.tlog\cl.read.1.tlog
c:\users\hyu\desktop\ecm\ecm\source\lib\decoderanalyserlib\decoderanalyserlib.dir\release\decodera.9201a3ae.tlog\custombuild.command.1.tlog
c:\users\hyu\desktop\ecm\ecm\source\lib\decoderanalyserlib\decoderanalyserlib.dir\release\decodera.9201a3ae.tlog\custombuild.read.1.tlog
c:\users\hyu\desktop\ecm\ecm\source\lib\decoderanalyserlib\decoderanalyserlib.dir\release\decodera.9201a3ae.tlog\custombuild.write.1.tlog
c:\users\hyu\desktop\ecm\ecm\source\lib\decoderanalyserlib\decoderanalyserlib.dir\release\decodera.9201a3ae.tlog\lib-link.read.1.tlog
c:\users\hyu\desktop\ecm\ecm\source\lib\decoderanalyserlib\decoderanalyserlib.dir\release\decodera.9201a3ae.tlog\lib-link.write.1.tlog
c:\users\hyu\desktop\ecm\ecm\source\lib\decoderanalyserlib\decoderanalyserlib.dir\release\decodera.9201a3ae.tlog\lib.command.1.tlog
