c:\users\hyu\desktop\ecm\ecm\source\lib\commonanalyserlib\commonanalyserlib.dir\release\affinegradientsearch_avx2.obj
c:\users\hyu\desktop\ecm\ecm\source\lib\commonanalyserlib\commonanalyserlib.dir\release\bilateralfilter_avx2.obj
c:\users\hyu\desktop\ecm\ecm\source\lib\commonanalyserlib\commonanalyserlib.dir\release\adaptiveloopfilter_avx2.obj
c:\users\hyu\desktop\ecm\ecm\source\lib\commonanalyserlib\commonanalyserlib.dir\release\trquant_avx2.obj
c:\users\hyu\desktop\ecm\ecm\source\lib\commonanalyserlib\commonanalyserlib.dir\release\rdcost_avx2.obj
c:\users\hyu\desktop\ecm\ecm\source\lib\commonanalyserlib\commonanalyserlib.dir\release\interpolationfilter_avx2.obj
c:\users\hyu\desktop\ecm\ecm\source\lib\commonanalyserlib\commonanalyserlib.dir\release\buffer_avx2.obj
c:\users\hyu\desktop\ecm\ecm\source\lib\commonanalyserlib\commonanalyserlib.dir\release\intrannip_avx2.obj
c:\users\hyu\desktop\ecm\ecm\source\lib\commonanalyserlib\commonanalyserlib.dir\release\intra_avx2.obj
c:\users\hyu\desktop\ecm\ecm\source\lib\commonanalyserlib\commonanalyserlib.dir\release\contextmodelling.obj
c:\users\hyu\desktop\ecm\ecm\source\lib\commonanalyserlib\commonanalyserlib.dir\release\profileleveltier.obj
c:\users\hyu\desktop\ecm\ecm\source\lib\commonanalyserlib\commonanalyserlib.dir\release\reshape.obj
c:\users\hyu\desktop\ecm\ecm\source\lib\commonanalyserlib\commonanalyserlib.dir\release\dtrace_blockstatistics.obj
c:\users\hyu\desktop\ecm\ecm\source\lib\commonanalyserlib\commonanalyserlib.dir\release\ibchashmap.obj
c:\users\hyu\desktop\ecm\ecm\source\lib\commonanalyserlib\commonanalyserlib.dir\release\nnfilterunified.obj
c:\users\hyu\desktop\ecm\ecm\source\lib\commonanalyserlib\commonanalyserlib.dir\release\nninference.obj
c:\users\hyu\desktop\ecm\ecm\source\lib\commonanalyserlib\commonanalyserlib.dir\release\parametersetmanager.obj
c:\users\hyu\desktop\ecm\ecm\source\lib\commonanalyserlib\commonanalyserlib.dir\release\rdcost.obj
c:\users\hyu\desktop\ecm\ecm\source\lib\commonanalyserlib\commonanalyserlib.dir\release\trquant_emt.obj
c:\users\hyu\desktop\ecm\ecm\source\lib\commonanalyserlib\commonanalyserlib.dir\release\libmd5.obj
c:\users\hyu\desktop\ecm\ecm\source\lib\commonanalyserlib\commonanalyserlib.dir\release\interprediction.obj
c:\users\hyu\desktop\ecm\ecm\source\lib\commonanalyserlib\commonanalyserlib.dir\release\affinegradientsearch.obj
c:\users\hyu\desktop\ecm\ecm\source\lib\commonanalyserlib\commonanalyserlib.dir\release\intrannip_scalar.obj
c:\users\hyu\desktop\ecm\ecm\source\lib\commonanalyserlib\commonanalyserlib.dir\release\picyuvmd5.obj
c:\users\hyu\desktop\ecm\ecm\source\lib\commonanalyserlib\commonanalyserlib.dir\release\rom.obj
c:\users\hyu\desktop\ecm\ecm\source\lib\commonanalyserlib\commonanalyserlib.dir\release\buffer.obj
c:\users\hyu\desktop\ecm\ecm\source\lib\commonanalyserlib\commonanalyserlib.dir\release\loopfilter.obj
c:\users\hyu\desktop\ecm\ecm\source\lib\commonanalyserlib\commonanalyserlib.dir\release\slice.obj
c:\users\hyu\desktop\ecm\ecm\source\lib\commonanalyserlib\commonanalyserlib.dir\release\depquant.obj
c:\users\hyu\desktop\ecm\ecm\source\lib\commonanalyserlib\commonanalyserlib.dir\release\quant.obj
c:\users\hyu\desktop\ecm\ecm\source\lib\commonanalyserlib\commonanalyserlib.dir\release\weightprediction.obj
c:\users\hyu\desktop\ecm\ecm\source\lib\commonanalyserlib\commonanalyserlib.dir\release\adaptiveloopfilter.obj
c:\users\hyu\desktop\ecm\ecm\source\lib\commonanalyserlib\commonanalyserlib.dir\release\contexts.obj
c:\users\hyu\desktop\ecm\ecm\source\lib\commonanalyserlib\commonanalyserlib.dir\release\commondefx86.obj
c:\users\hyu\desktop\ecm\ecm\source\lib\commonanalyserlib\commonanalyserlib.dir\release\codingstructure.obj
c:\users\hyu\desktop\ecm\ecm\source\lib\commonanalyserlib\commonanalyserlib.dir\release\quantrdoq.obj
c:\users\hyu\desktop\ecm\ecm\source\lib\commonanalyserlib\commonanalyserlib.dir\release\tmp.obj
c:\users\hyu\desktop\ecm\ecm\source\lib\commonanalyserlib\commonanalyserlib.dir\release\initx86.obj
c:\users\hyu\desktop\ecm\ecm\source\lib\commonanalyserlib\commonanalyserlib.dir\release\interpolationfilter.obj
c:\users\hyu\desktop\ecm\ecm\source\lib\commonanalyserlib\commonanalyserlib.dir\release\mv.obj
c:\users\hyu\desktop\ecm\ecm\source\lib\commonanalyserlib\commonanalyserlib.dir\release\rdcostweightprediction.obj
c:\users\hyu\desktop\ecm\ecm\source\lib\commonanalyserlib\commonanalyserlib.dir\release\unit.obj
c:\users\hyu\desktop\ecm\ecm\source\lib\commonanalyserlib\commonanalyserlib.dir\release\cachemodel.obj
c:\users\hyu\desktop\ecm\ecm\source\lib\commonanalyserlib\commonanalyserlib.dir\release\mcts.obj
c:\users\hyu\desktop\ecm\ecm\source\lib\commonanalyserlib\commonanalyserlib.dir\release\sei.obj
c:\users\hyu\desktop\ecm\ecm\source\lib\commonanalyserlib\commonanalyserlib.dir\release\unittools.obj
c:\users\hyu\desktop\ecm\ecm\source\lib\commonanalyserlib\commonanalyserlib.dir\release\hash.obj
c:\users\hyu\desktop\ecm\ecm\source\lib\commonanalyserlib\commonanalyserlib.dir\release\picture.obj
c:\users\hyu\desktop\ecm\ecm\source\lib\commonanalyserlib\commonanalyserlib.dir\release\trquant.obj
c:\users\hyu\desktop\ecm\ecm\source\lib\commonanalyserlib\commonanalyserlib.dir\release\bitstream.obj
c:\users\hyu\desktop\ecm\ecm\source\lib\commonanalyserlib\commonanalyserlib.dir\release\intrapredictionnn.obj
c:\users\hyu\desktop\ecm\ecm\source\lib\commonanalyserlib\commonanalyserlib.dir\release\romlfnst.obj
c:\users\hyu\desktop\ecm\ecm\source\lib\commonanalyserlib\commonanalyserlib.dir\release\dtrace.obj
c:\users\hyu\desktop\ecm\ecm\source\lib\commonanalyserlib\commonanalyserlib.dir\release\hrd.obj
c:\users\hyu\desktop\ecm\ecm\source\lib\commonanalyserlib\commonanalyserlib.dir\release\loopfiltercccm.obj
c:\users\hyu\desktop\ecm\ecm\source\lib\commonanalyserlib\commonanalyserlib.dir\release\sampleadaptiveoffset.obj
c:\users\hyu\desktop\ecm\ecm\source\lib\commonanalyserlib\commonanalyserlib.dir\release\bilateralfilter.obj
c:\users\hyu\desktop\ecm\ecm\source\lib\commonanalyserlib\commonanalyserlib.dir\release\matrixintraprediction.obj
c:\users\hyu\desktop\ecm\ecm\source\lib\commonanalyserlib\commonanalyserlib.dir\release\romtr.obj
c:\users\hyu\desktop\ecm\ecm\source\lib\commonanalyserlib\commonanalyserlib.dir\release\unitpartitioner.obj
c:\users\hyu\desktop\ecm\ecm\source\lib\commonanalyserlib\commonanalyserlib.dir\release\chromaformat.obj
c:\users\hyu\desktop\ecm\ecm\source\lib\commonanalyserlib\commonanalyserlib.dir\release\intraprediction.obj
c:\users\hyu\desktop\ecm\ecm\source\lib\commonanalyserlib\commonanalyserlib.dir\release\intra_sse41.obj
c:\users\hyu\desktop\ecm\ecm\source\lib\commonanalyserlib\commonanalyserlib.dir\release\trquant_sse41.obj
c:\users\hyu\desktop\ecm\ecm\source\lib\commonanalyserlib\commonanalyserlib.dir\release\interpolationfilter_sse41.obj
c:\users\hyu\desktop\ecm\ecm\source\lib\commonanalyserlib\commonanalyserlib.dir\release\buffer_sse41.obj
c:\users\hyu\desktop\ecm\ecm\source\lib\commonanalyserlib\commonanalyserlib.dir\release\adaptiveloopfilter_sse41.obj
c:\users\hyu\desktop\ecm\ecm\source\lib\commonanalyserlib\commonanalyserlib.dir\release\rdcost_sse41.obj
c:\users\hyu\desktop\ecm\ecm\source\lib\commonanalyserlib\commonanalyserlib.dir\release\affinegradientsearch_sse41.obj
c:\users\hyu\desktop\ecm\ecm\source\lib\commonanalyserlib\commonanalyserlib.dir\release\bilateralfilter_sse41.obj
c:\users\hyu\desktop\ecm\ecm\source\lib\commonanalyserlib\commonanalyserlib.dir\release\trquant_sse42.obj
c:\users\hyu\desktop\ecm\ecm\source\lib\commonanalyserlib\commonanalyserlib.dir\release\bilateralfilter_sse42.obj
c:\users\hyu\desktop\ecm\ecm\source\lib\commonanalyserlib\commonanalyserlib.dir\release\intra_sse42.obj
c:\users\hyu\desktop\ecm\ecm\source\lib\commonanalyserlib\commonanalyserlib.dir\release\intrannip_sse42.obj
c:\users\hyu\desktop\ecm\ecm\source\lib\commonanalyserlib\commonanalyserlib.dir\release\ibchashmap_sse42.obj
c:\users\hyu\desktop\ecm\ecm\source\lib\commonanalyserlib\commonanalyserlib.dir\release\interpolationfilter_avx.obj
c:\users\hyu\desktop\ecm\ecm\source\lib\commonanalyserlib\commonanalyserlib.dir\release\adaptiveloopfilter_avx.obj
c:\users\hyu\desktop\ecm\ecm\source\lib\commonanalyserlib\commonanalyserlib.dir\release\intra_avx.obj
c:\users\hyu\desktop\ecm\ecm\source\lib\commonanalyserlib\commonanalyserlib.dir\release\rdcost_avx.obj
c:\users\hyu\desktop\ecm\ecm\source\lib\commonanalyserlib\commonanalyserlib.dir\release\buffer_avx.obj
c:\users\hyu\desktop\ecm\ecm\source\lib\commonanalyserlib\commonanalyserlib.dir\release\bilateralfilter_avx.obj
c:\users\hyu\desktop\ecm\ecm\source\lib\commonanalyserlib\commonanalyserlib.dir\release\affinegradientsearch_avx.obj
c:\users\hyu\desktop\ecm\ecm\source\lib\commonanalyserlib\commonanalyserlib.dir\release\trquant_avx.obj
c:\users\hyu\desktop\ecm\ecm\source\lib\commonanalyserlib\cmakefiles\generate.stamp
c:\users\hyu\desktop\ecm\ecm\lib\vs17\msvc-19.44\x86_64\release\commonanalyserlib.lib
c:\users\hyu\desktop\ecm\ecm\source\lib\commonanalyserlib\commonanalyserlib.dir\release\commonan.c8ce9e22.tlog\cl.1164.write.1.tlog
c:\users\hyu\desktop\ecm\ecm\source\lib\commonanalyserlib\commonanalyserlib.dir\release\commonan.c8ce9e22.tlog\cl.command.1.tlog
c:\users\hyu\desktop\ecm\ecm\source\lib\commonanalyserlib\commonanalyserlib.dir\release\commonan.c8ce9e22.tlog\cl.items.tlog
c:\users\hyu\desktop\ecm\ecm\source\lib\commonanalyserlib\commonanalyserlib.dir\release\commonan.c8ce9e22.tlog\cl.read.1.tlog
c:\users\hyu\desktop\ecm\ecm\source\lib\commonanalyserlib\commonanalyserlib.dir\release\commonan.c8ce9e22.tlog\custombuild.command.1.tlog
c:\users\hyu\desktop\ecm\ecm\source\lib\commonanalyserlib\commonanalyserlib.dir\release\commonan.c8ce9e22.tlog\custombuild.read.1.tlog
c:\users\hyu\desktop\ecm\ecm\source\lib\commonanalyserlib\commonanalyserlib.dir\release\commonan.c8ce9e22.tlog\custombuild.write.1.tlog
c:\users\hyu\desktop\ecm\ecm\source\lib\commonanalyserlib\commonanalyserlib.dir\release\commonan.c8ce9e22.tlog\lib-link.read.1.tlog
c:\users\hyu\desktop\ecm\ecm\source\lib\commonanalyserlib\commonanalyserlib.dir\release\commonan.c8ce9e22.tlog\lib-link.write.1.tlog
c:\users\hyu\desktop\ecm\ecm\source\lib\commonanalyserlib\commonanalyserlib.dir\release\commonan.c8ce9e22.tlog\lib.command.1.tlog
