  Building Custom Rule C:/Users/HYU/Desktop/ecm/ECM/source/Lib/EncoderLib/CMakeLists.txt
  AQp.cpp
  BinEncoder.cpp
  CABACWriter.cpp
  EncAdaptiveLoopFilter.cpp
  EncCu.cpp
  EncGOP.cpp
  EncHRD.cpp
  EncLib.cpp
  EncLibCommon.cpp
  EncLoopFilterCccm.cpp
  EncModeCtrl.cpp
  EncNNFilterUnified.cpp
  EncReshape.cpp
  EncSampleAdaptiveOffset.cpp
  EncSlice.cpp
  EncTemporalFilter.cpp
  InterSearch.cpp
  IntraSearch.cpp
  NALwrite.cpp
  RateCtrl.cpp
  SEIEncoder.cpp
  SEIwrite.cpp
  VLCWriter.cpp
  WeightPredAnalysis.cpp
  EncNNFilter.cpp
  EncoderLib.vcxproj -> C:\Users\HYU\Desktop\ecm\ECM\lib\vs17\msvc-19.44\x86_64\release\EncoderLib.lib
