c:\users\hyu\desktop\ecm\ecm\source\lib\encoderlib\encoderlib.dir\release\encnnfilter.obj
c:\users\hyu\desktop\ecm\ecm\source\lib\encoderlib\encoderlib.dir\release\encgop.obj
c:\users\hyu\desktop\ecm\ecm\source\lib\encoderlib\encoderlib.dir\release\encloopfiltercccm.obj
c:\users\hyu\desktop\ecm\ecm\source\lib\encoderlib\encoderlib.dir\release\encmodectrl.obj
c:\users\hyu\desktop\ecm\ecm\source\lib\encoderlib\encoderlib.dir\release\intersearch.obj
c:\users\hyu\desktop\ecm\ecm\source\lib\encoderlib\encoderlib.dir\release\encslice.obj
c:\users\hyu\desktop\ecm\ecm\source\lib\encoderlib\encoderlib.dir\release\encnnfilterunified.obj
c:\users\hyu\desktop\ecm\ecm\source\lib\encoderlib\encoderlib.dir\release\encreshape.obj
c:\users\hyu\desktop\ecm\ecm\source\lib\encoderlib\encoderlib.dir\release\weightpredanalysis.obj
c:\users\hyu\desktop\ecm\ecm\source\lib\encoderlib\encoderlib.dir\release\enctemporalfilter.obj
c:\users\hyu\desktop\ecm\ecm\source\lib\encoderlib\encoderlib.dir\release\vlcwriter.obj
c:\users\hyu\desktop\ecm\ecm\source\lib\encoderlib\encoderlib.dir\release\enclib.obj
c:\users\hyu\desktop\ecm\ecm\source\lib\encoderlib\encoderlib.dir\release\enclibcommon.obj
c:\users\hyu\desktop\ecm\ecm\source\lib\encoderlib\encoderlib.dir\release\nalwrite.obj
c:\users\hyu\desktop\ecm\ecm\source\lib\encoderlib\encoderlib.dir\release\seiencoder.obj
c:\users\hyu\desktop\ecm\ecm\source\lib\encoderlib\encoderlib.dir\release\binencoder.obj
c:\users\hyu\desktop\ecm\ecm\source\lib\encoderlib\encoderlib.dir\release\seiwrite.obj
c:\users\hyu\desktop\ecm\ecm\source\lib\encoderlib\encoderlib.dir\release\aqp.obj
c:\users\hyu\desktop\ecm\ecm\source\lib\encoderlib\encoderlib.dir\release\ratectrl.obj
c:\users\hyu\desktop\ecm\ecm\source\lib\encoderlib\encoderlib.dir\release\enccu.obj
c:\users\hyu\desktop\ecm\ecm\source\lib\encoderlib\encoderlib.dir\release\cabacwriter.obj
c:\users\hyu\desktop\ecm\ecm\source\lib\encoderlib\encoderlib.dir\release\enchrd.obj
c:\users\hyu\desktop\ecm\ecm\source\lib\encoderlib\encoderlib.dir\release\intrasearch.obj
c:\users\hyu\desktop\ecm\ecm\source\lib\encoderlib\encoderlib.dir\release\encsampleadaptiveoffset.obj
c:\users\hyu\desktop\ecm\ecm\source\lib\encoderlib\encoderlib.dir\release\encadaptiveloopfilter.obj
c:\users\hyu\desktop\ecm\ecm\source\lib\encoderlib\cmakefiles\generate.stamp
c:\users\hyu\desktop\ecm\ecm\lib\vs17\msvc-19.44\x86_64\release\encoderlib.lib
c:\users\hyu\desktop\ecm\ecm\source\lib\encoderlib\encoderlib.dir\release\encoderlib.tlog\cl.command.1.tlog
c:\users\hyu\desktop\ecm\ecm\source\lib\encoderlib\encoderlib.dir\release\encoderlib.tlog\cl.items.tlog
c:\users\hyu\desktop\ecm\ecm\source\lib\encoderlib\encoderlib.dir\release\encoderlib.tlog\cl.read.1.tlog
c:\users\hyu\desktop\ecm\ecm\source\lib\encoderlib\encoderlib.dir\release\encoderlib.tlog\cl.write.1.tlog
c:\users\hyu\desktop\ecm\ecm\source\lib\encoderlib\encoderlib.dir\release\encoderlib.tlog\custombuild.command.1.tlog
c:\users\hyu\desktop\ecm\ecm\source\lib\encoderlib\encoderlib.dir\release\encoderlib.tlog\custombuild.read.1.tlog
c:\users\hyu\desktop\ecm\ecm\source\lib\encoderlib\encoderlib.dir\release\encoderlib.tlog\custombuild.write.1.tlog
c:\users\hyu\desktop\ecm\ecm\source\lib\encoderlib\encoderlib.dir\release\encoderlib.tlog\lib-link.read.1.tlog
c:\users\hyu\desktop\ecm\ecm\source\lib\encoderlib\encoderlib.dir\release\encoderlib.tlog\lib-link.write.1.tlog
c:\users\hyu\desktop\ecm\ecm\source\lib\encoderlib\encoderlib.dir\release\encoderlib.tlog\lib.command.1.tlog
