c:\users\hyu\desktop\ecm\ecm\source\lib\decoderlib\decoderlib.dir\release\annexbread.obj
c:\users\hyu\desktop\ecm\ecm\source\lib\decoderlib\decoderlib.dir\release\declib.obj
c:\users\hyu\desktop\ecm\ecm\source\lib\decoderlib\decoderlib.dir\release\bindecoder.obj
c:\users\hyu\desktop\ecm\ecm\source\lib\decoderlib\decoderlib.dir\release\decslice.obj
c:\users\hyu\desktop\ecm\ecm\source\lib\decoderlib\decoderlib.dir\release\vlcreader.obj
c:\users\hyu\desktop\ecm\ecm\source\lib\decoderlib\decoderlib.dir\release\cabacreader.obj
c:\users\hyu\desktop\ecm\ecm\source\lib\decoderlib\decoderlib.dir\release\deccu.obj
c:\users\hyu\desktop\ecm\ecm\source\lib\decoderlib\decoderlib.dir\release\nalread.obj
c:\users\hyu\desktop\ecm\ecm\source\lib\decoderlib\decoderlib.dir\release\seiread.obj
c:\users\hyu\desktop\ecm\ecm\source\lib\decoderlib\cmakefiles\generate.stamp
c:\users\hyu\desktop\ecm\ecm\lib\vs17\msvc-19.44\x86_64\release\decoderlib.lib
c:\users\hyu\desktop\ecm\ecm\source\lib\decoderlib\decoderlib.dir\release\decoderlib.tlog\cl.26932.write.1.tlog
c:\users\hyu\desktop\ecm\ecm\source\lib\decoderlib\decoderlib.dir\release\decoderlib.tlog\cl.command.1.tlog
c:\users\hyu\desktop\ecm\ecm\source\lib\decoderlib\decoderlib.dir\release\decoderlib.tlog\cl.items.tlog
c:\users\hyu\desktop\ecm\ecm\source\lib\decoderlib\decoderlib.dir\release\decoderlib.tlog\cl.read.1.tlog
c:\users\hyu\desktop\ecm\ecm\source\lib\decoderlib\decoderlib.dir\release\decoderlib.tlog\custombuild.command.1.tlog
c:\users\hyu\desktop\ecm\ecm\source\lib\decoderlib\decoderlib.dir\release\decoderlib.tlog\custombuild.read.1.tlog
c:\users\hyu\desktop\ecm\ecm\source\lib\decoderlib\decoderlib.dir\release\decoderlib.tlog\custombuild.write.1.tlog
c:\users\hyu\desktop\ecm\ecm\source\lib\decoderlib\decoderlib.dir\release\decoderlib.tlog\lib-link.read.1.tlog
c:\users\hyu\desktop\ecm\ecm\source\lib\decoderlib\decoderlib.dir\release\decoderlib.tlog\lib-link.write.1.tlog
c:\users\hyu\desktop\ecm\ecm\source\lib\decoderlib\decoderlib.dir\release\decoderlib.tlog\lib.command.1.tlog
