  Building Custom Rule C:/Users/HYU/Desktop/ecm/ECM/source/Lib/CommonLib/CMakeLists.txt
  AdaptiveLoopFilter.cpp
  AffineGradientSearch.cpp
  BilateralFilter.cpp
  BitStream.cpp
  Buffer.cpp
  CacheModel.cpp
  ChromaFormat.cpp
  CodingStructure.cpp
  ContextModelling.cpp
  Contexts.cpp
  DepQuant.cpp
  HRD.cpp
  Hash.cpp
  IbcHashMap.cpp
  InterPrediction.cpp
  InterpolationFilter.cpp
  IntraNnip_scalar.cpp
  IntraPrediction.cpp
  IntraPredictionNN.cpp
  LoopFilter.cpp
  LoopFilterCccm.cpp
  MCTS.cpp
  MatrixIntraPrediction.cpp
  Mv.cpp
  ParameterSetManager.cpp
  PicYuvMD5.cpp
  Picture.cpp
  ProfileLevelTier.cpp
  Quant.cpp
  QuantRDOQ.cpp
  RdCost.cpp
  RdCostWeightPrediction.cpp
  Reshape.cpp
  Rom.cpp
  RomLFNST.cpp
  RomTr.cpp
  SEI.cpp
  SampleAdaptiveOffset.cpp
  Slice.cpp
  TMP.cpp
  TrQuant.cpp
  TrQuant_EMT.cpp
  Unit.cpp
  UnitPartitioner.cpp
  UnitTools.cpp
  WeightPrediction.cpp
  dtrace.cpp
  dtrace_blockstatistics.cpp
  CommonDefX86.cpp
  InitX86.cpp
  libmd5.cpp
  NNFilterUnified.cpp
  NNInference.cpp
  AdaptiveLoopFilter_avx2.cpp
  AffineGradientSearch_avx2.cpp
  BilateralFilter_avx2.cpp
  Buffer_avx2.cpp
  InterpolationFilter_avx2.cpp
  IntraNnip_avx2.cpp
  Intra_avx2.cpp
  RdCost_avx2.cpp
  TrQuant_avx2.cpp
  AdaptiveLoopFilter_sse41.cpp
  AffineGradientSearch_sse41.cpp
  BilateralFilter_sse41.cpp
  Buffer_sse41.cpp
  InterpolationFilter_sse41.cpp
  Intra_sse41.cpp
  RdCost_sse41.cpp
  TrQuant_sse41.cpp
  BilateralFilter_sse42.cpp
  IbcHashmap_sse42.cpp
  IntraNnip_sse42.cpp
  Intra_sse42.cpp
  TrQuant_sse42.cpp
  AdaptiveLoopFilter_avx.cpp
  AffineGradientSearch_avx.cpp
  BilateralFilter_avx.cpp
  Buffer_avx.cpp
  InterpolationFilter_avx.cpp
  Intra_avx.cpp
  RdCost_avx.cpp
  TrQuant_avx.cpp
  CommonLib.vcxproj -> C:\Users\HYU\Desktop\ecm\ECM\lib\vs17\msvc-19.44\x86_64\release\CommonLib.lib
